<?xml version="1.0" encoding="UTF-8"?>
<!-- Generated by org.testng.reporters.JUnitReportReporter -->
<testsuite hostname="Kishore" failures="0" tests="3" name="com.runner.TestRunner" time="48.414" errors="0" timestamp="2025-03-06T19:53:03 IST" skipped="0">
  <testcase classname="com.runner.TestRunner" name="runScenario" time="35.367"/>
  <testcase classname="com.runner.TestRunner" name="runScenario" time="6.032"/>
  <testcase classname="com.runner.TestRunner" name="runScenario" time="7.015"/>
</testsuite> <!-- com.runner.TestRunner -->
