<?xml version="1.0" encoding="UTF-8"?>
<!-- Generated by org.testng.reporters.JUnitReportReporter -->
<testsuite hostname="Kishore" failures="0" tests="3" name="com.runner.TestRunner" time="35.027" errors="0" timestamp="2025-03-07T07:22:10 IST" skipped="0">
  <testcase classname="com.runner.TestRunner" name="runScenario" time="5.001"/>
  <testcase classname="com.runner.TestRunner" name="runScenario" time="24.859"/>
  <testcase classname="com.runner.TestRunner" name="runScenario" time="5.167"/>
</testsuite> <!-- com.runner.TestRunner -->
